[I 15:56:29.875 NotebookApp] Serving notebooks from local directory: /Users/thanhtu/MyProjects/Python/TensorFlow-Book
[I 15:56:29.875 NotebookApp] 0 active kernels
[I 15:56:29.875 NotebookApp] The Jupyter Notebook is running at:
[I 15:56:29.875 NotebookApp] http://localhost:8888/?token=3b0e3e7be16140c413f070cfa755e796d67fc15ed45f643c
[I 15:56:29.875 NotebookApp] Use Control-C to stop this server and shut down all kernels (twice to skip confirmation).
[C 15:56:29.877 NotebookApp] 
    
    Copy/paste this URL into your browser when you connect for the first time,
    to login with a token:
        http://localhost:8888/?token=3b0e3e7be16140c413f070cfa755e796d67fc15ed45f643c&token=3b0e3e7be16140c413f070cfa755e796d67fc15ed45f643c
[I 15:56:30.111 NotebookApp] Accepting one-time-token-authenticated connection from 127.0.0.1
[W 15:58:40.497 NotebookApp] Clearing invalid/expired login cookie username-notebook-agiletech-vn
[W 15:58:40.497 NotebookApp] Clearing invalid/expired login cookie username-notebook-agiletech-vn
[I 15:58:40.498 NotebookApp] 302 GET /notebooks/ch12_rank/Concept01_ranknet.ipynb (127.0.0.1) 2.19ms
[I 15:59:03.848 NotebookApp] 302 POST /login?next=%2Fnotebooks%2Fch12_rank%2FConcept01_ranknet.ipynb (127.0.0.1) 1.97ms
[W 15:59:06.526 NotebookApp] Notebook ch12_rank/Concept01_ranknet.ipynb is not trusted
[I 15:59:07.824 NotebookApp] Kernel started: 25645edd-014a-458f-9a92-12b8be78fb25
[I 15:59:09.071 NotebookApp] Adapting to protocol v5.1 for kernel 25645edd-014a-458f-9a92-12b8be78fb25
[I 15:59:30.123 NotebookApp] Starting buffering for 25645edd-014a-458f-9a92-12b8be78fb25:cb465f1b8db14318bc819f92805b46d2
[I 15:59:38.093 NotebookApp] Kernel started: 62a71548-309c-4d52-96f5-6b1f9c265e0b
[I 15:59:39.400 NotebookApp] Adapting to protocol v5.1 for kernel 62a71548-309c-4d52-96f5-6b1f9c265e0b
[I 16:00:02.993 NotebookApp] Starting buffering for 62a71548-309c-4d52-96f5-6b1f9c265e0b:2334df73e9d144d48a04339f6071342a
[C 16:01:02.362 NotebookApp] received signal 15, stopping
[I 16:01:02.364 NotebookApp] Shutting down 2 kernels
[I 16:01:02.671 NotebookApp] Kernel shutdown: 25645edd-014a-458f-9a92-12b8be78fb25
[I 16:01:02.772 NotebookApp] Kernel shutdown: 62a71548-309c-4d52-96f5-6b1f9c265e0b
